<?xml version="1.0" encoding="UTF-8"?>
<testsuite name="com.jalal.blackjack.CardTest" tests="5" skipped="0" failures="0" errors="0" timestamp="2022-12-22T23:36:59" hostname="DESKTOP-UP5IN2O" time="0.045">
  <properties/>
  <testcase name="canGetValueOfAThreeCard()" classname="com.jalal.blackjack.CardTest" time="0.03"/>
  <testcase name="canGetValueOfATwoCard()" classname="com.jalal.blackjack.CardTest" time="0.001"/>
  <testcase name="canGetValueOfAnAceCard()" classname="com.jalal.blackjack.CardTest" time="0.001"/>
  <testcase name="canGetValueOfAJackCard()" classname="com.jalal.blackjack.CardTest" time="0.002"/>
  <testcase name="canGetValueOfAKingCard()" classname="com.jalal.blackjack.CardTest" time="0.005"/>
  <system-out><![CDATA[]]></system-out>
  <system-err><![CDATA[]]></system-err>
</testsuite>
